
> api@1.0.0 start
> node dist/index.js

(node:14318) [MONGOOSE] Warning: Duplicate schema index on {"slug":1} found. This is often due to declaring an index using both "index: true" and "schema.index()". Please remove the duplicate index definition.
(Use `node --trace-warnings ...` to show where the warning was created)
(node:14318) [MONGOOSE] Warning: Duplicate schema index on {"slug":1} found. This is often due to declaring an index using both "index: true" and "schema.index()". Please remove the duplicate index definition.
(node:14318) [MONGOOSE] Warning: Duplicate schema index on {"orderNumber":1} found. This is often due to declaring an index using both "index: true" and "schema.index()". Please remove the duplicate index definition.
(node:14318) [MONGOOSE] Warning: Duplicate schema index on {"slug":1} found. This is often due to declaring an index using both "index: true" and "schema.index()". Please remove the duplicate index definition.
(node:14318) [MONGOOSE] Warning: Duplicate schema index on {"buildId":1} found. This is often due to declaring an index using both "index: true" and "schema.index()". Please remove the duplicate index definition.
(node:14318) [MONGOOSE] Warning: Duplicate schema index on {"email":1} found. This is often due to declaring an index using both "index: true" and "schema.index()". Please remove the duplicate index definition.
(node:14318) [MONGOOSE] Warning: Duplicate schema index on {"code":1} found. This is often due to declaring an index using both "index: true" and "schema.index()". Please remove the duplicate index definition.
(node:14318) [MONGOOSE] Warning: Duplicate schema index on {"serialNumber":1} found. This is often due to declaring an index using both "index: true" and "schema.index()". Please remove the duplicate index definition.
(node:14318) [MONGOOSE] Warning: Duplicate schema index on {"creatorCode":1} found. This is often due to declaring an index using both "index: true" and "schema.index()". Please remove the duplicate index definition.
(node:14318) [MONGOOSE] Warning: Duplicate schema index on {"slug":1} found. This is often due to declaring an index using both "index: true" and "schema.index()". Please remove the duplicate index definition.
(node:14318) [MONGOOSE] Warning: Duplicate schema index on {"slug":1} found. This is often due to declaring an index using both "index: true" and "schema.index()". Please remove the duplicate index definition.
(node:14318) [MONGOOSE] Warning: Duplicate schema index on {"slug":1} found. This is often due to declaring an index using both "index: true" and "schema.index()". Please remove the duplicate index definition.
(node:14318) [MONGOOSE] Warning: Duplicate schema index on {"email":1} found. This is often due to declaring an index using both "index: true" and "schema.index()". Please remove the duplicate index definition.
(node:14318) [MONGOOSE] Warning: Duplicate schema index on {"rmaNumber":1} found. This is often due to declaring an index using both "index: true" and "schema.index()". Please remove the duplicate index definition.
(node:14318) [MONGOOSE] Warning: Duplicate schema index on {"code":1} found. This is often due to declaring an index using both "index: true" and "schema.index()". Please remove the duplicate index definition.
🚀 LANForge API running on port 5001 in development mode
✅ MongoDB connected: ac-nvizt0b-shard-00-00.u9lcgej.mongodb.net
[0mGET /api/pc-parts/admin/69bd707679b5694aeef8c997 [33m401[0m 1.115 ms - 38[0m
[0mGET /api/pc-parts/admin/69bd6b7d79b5694aeef8c8cb [33m401[0m 4.251 ms - 43[0m
[0mGET /api/page-status/public [32m200[0m 1144.523 ms - 4952[0m
[0mGET /api/page-status/public [32m200[0m 1169.829 ms - 4952[0m
[0mPOST /api/auth/login [32m200[0m 392.641 ms - 623[0m
[0mGET /api/admin/dashboard [36m304[0m 168.305 ms - -[0m
[0mGET /api/page-status/public [32m200[0m 1203.867 ms - 4952[0m
[0mGET /api/pc-parts/admin/all?search=&page=1&limit=20 [36m304[0m 124.476 ms - -[0m
[0mGET /api/page-status/public [32m200[0m 1178.380 ms - 4952[0m
[0mGET /api/pc-parts/admin/69bd707679b5694aeef8c997 [32m200[0m 83.095 ms - 714[0m
[0mGET /api/page-status/public [32m200[0m 1153.103 ms - 4952[0m
[0mGET /api/pc-parts/admin/all?search=&page=1&limit=20 [36m304[0m 119.534 ms - -[0m
[0mGET /api/pc-parts/admin/all?search=&page=1&limit=20 [36m304[0m 118.393 ms - -[0m
[0mGET /api/page-status/public [32m200[0m 1219.164 ms - 4952[0m
